[2025-02-27T23:05:14.112+0000] {processor.py:161} INFO - Started process (PID=178) to work on /opt/airflow/dags/weather_etl.py
[2025-02-27T23:05:14.117+0000] {processor.py:830} INFO - Processing file /opt/airflow/dags/weather_etl.py for tasks to queue
[2025-02-27T23:05:14.177+0000] {logging_mixin.py:188} INFO - [2025-02-27T23:05:14.151+0000] {dagbag.py:545} INFO - Filling up the DagBag from /opt/airflow/dags/weather_etl.py
[2025-02-27T23:05:19.317+0000] {processor.py:840} INFO - DAG(s) 'weather_etl' retrieved from /opt/airflow/dags/weather_etl.py
[2025-02-27T23:05:22.295+0000] {logging_mixin.py:188} INFO - [2025-02-27T23:05:22.294+0000] {dag.py:3096} INFO - Sync 1 DAGs
[2025-02-27T23:05:22.328+0000] {logging_mixin.py:188} INFO - [2025-02-27T23:05:22.328+0000] {dag.py:3954} INFO - Setting next_dagrun for weather_etl to 2025-02-27 23:00:00+00:00, run_after=2025-02-27 23:10:00+00:00
[2025-02-27T23:05:22.354+0000] {processor.py:183} INFO - Processing /opt/airflow/dags/weather_etl.py took 8.297 seconds
[2025-02-27T23:05:55.697+0000] {processor.py:161} INFO - Started process (PID=207) to work on /opt/airflow/dags/weather_etl.py
[2025-02-27T23:05:55.763+0000] {processor.py:830} INFO - Processing file /opt/airflow/dags/weather_etl.py for tasks to queue
[2025-02-27T23:05:56.199+0000] {logging_mixin.py:188} INFO - [2025-02-27T23:05:56.150+0000] {dagbag.py:545} INFO - Filling up the DagBag from /opt/airflow/dags/weather_etl.py
[2025-02-27T23:06:14.073+0000] {processor.py:840} INFO - DAG(s) 'weather_etl' retrieved from /opt/airflow/dags/weather_etl.py
[2025-02-27T23:06:14.673+0000] {logging_mixin.py:188} INFO - [2025-02-27T23:06:14.644+0000] {dag.py:3096} INFO - Sync 1 DAGs
[2025-02-27T23:06:17.505+0000] {logging_mixin.py:188} INFO - [2025-02-27T23:06:17.500+0000] {dag.py:3954} INFO - Setting next_dagrun for weather_etl to 2025-02-27 23:00:00+00:00, run_after=2025-02-27 23:10:00+00:00
[2025-02-27T23:06:17.893+0000] {processor.py:183} INFO - Processing /opt/airflow/dags/weather_etl.py took 23.306 seconds
[2025-02-27T23:06:55.843+0000] {processor.py:161} INFO - Started process (PID=225) to work on /opt/airflow/dags/weather_etl.py
[2025-02-27T23:06:55.914+0000] {processor.py:830} INFO - Processing file /opt/airflow/dags/weather_etl.py for tasks to queue
[2025-02-27T23:06:56.228+0000] {logging_mixin.py:188} INFO - [2025-02-27T23:06:56.107+0000] {dagbag.py:545} INFO - Filling up the DagBag from /opt/airflow/dags/weather_etl.py
[2025-02-27T23:07:28.208+0000] {logging_mixin.py:188} INFO - [2025-02-27T23:07:27.691+0000] {timeout.py:68} ERROR - Process timed out, PID: 225
[2025-02-27T23:08:07.257+0000] {processor.py:161} INFO - Started process (PID=242) to work on /opt/airflow/dags/weather_etl.py
[2025-02-27T23:08:07.281+0000] {processor.py:830} INFO - Processing file /opt/airflow/dags/weather_etl.py for tasks to queue
[2025-02-27T23:08:07.443+0000] {logging_mixin.py:188} INFO - [2025-02-27T23:08:07.414+0000] {dagbag.py:545} INFO - Filling up the DagBag from /opt/airflow/dags/weather_etl.py
[2025-02-27T23:08:28.572+0000] {processor.py:840} INFO - DAG(s) 'weather_etl' retrieved from /opt/airflow/dags/weather_etl.py
[2025-02-27T23:09:27.204+0000] {processor.py:161} INFO - Started process (PID=252) to work on /opt/airflow/dags/weather_etl.py
[2025-02-27T23:09:27.214+0000] {processor.py:830} INFO - Processing file /opt/airflow/dags/weather_etl.py for tasks to queue
[2025-02-27T23:09:27.246+0000] {logging_mixin.py:188} INFO - [2025-02-27T23:09:27.230+0000] {dagbag.py:545} INFO - Filling up the DagBag from /opt/airflow/dags/weather_etl.py
[2025-02-27T23:09:31.356+0000] {processor.py:840} INFO - DAG(s) 'weather_etl' retrieved from /opt/airflow/dags/weather_etl.py
[2025-02-27T23:09:38.127+0000] {logging_mixin.py:188} INFO - [2025-02-27T23:09:38.126+0000] {dag.py:3096} INFO - Sync 1 DAGs
[2025-02-27T23:09:38.201+0000] {logging_mixin.py:188} INFO - [2025-02-27T23:09:38.201+0000] {dag.py:3954} INFO - Setting next_dagrun for weather_etl to 2025-02-27 23:00:00+00:00, run_after=2025-02-27 23:10:00+00:00
[2025-02-27T23:09:38.282+0000] {processor.py:183} INFO - Processing /opt/airflow/dags/weather_etl.py took 11.363 seconds
[2025-02-27T23:10:09.652+0000] {processor.py:161} INFO - Started process (PID=271) to work on /opt/airflow/dags/weather_etl.py
[2025-02-27T23:10:09.679+0000] {processor.py:830} INFO - Processing file /opt/airflow/dags/weather_etl.py for tasks to queue
[2025-02-27T23:10:09.744+0000] {logging_mixin.py:188} INFO - [2025-02-27T23:10:09.703+0000] {dagbag.py:545} INFO - Filling up the DagBag from /opt/airflow/dags/weather_etl.py
[2025-02-27T23:10:19.555+0000] {processor.py:840} INFO - DAG(s) 'weather_etl' retrieved from /opt/airflow/dags/weather_etl.py
[2025-02-27T23:10:20.912+0000] {logging_mixin.py:188} INFO - [2025-02-27T23:10:20.909+0000] {dag.py:3096} INFO - Sync 1 DAGs
[2025-02-27T23:10:27.603+0000] {logging_mixin.py:188} INFO - [2025-02-27T23:10:27.603+0000] {dag.py:3954} INFO - Setting next_dagrun for weather_etl to 2025-02-27 23:10:00+00:00, run_after=2025-02-27 23:20:00+00:00
[2025-02-27T23:10:27.655+0000] {processor.py:183} INFO - Processing /opt/airflow/dags/weather_etl.py took 18.449 seconds
[2025-02-27T23:10:58.230+0000] {processor.py:161} INFO - Started process (PID=303) to work on /opt/airflow/dags/weather_etl.py
[2025-02-27T23:10:58.242+0000] {processor.py:830} INFO - Processing file /opt/airflow/dags/weather_etl.py for tasks to queue
[2025-02-27T23:10:58.255+0000] {logging_mixin.py:188} INFO - [2025-02-27T23:10:58.249+0000] {dagbag.py:545} INFO - Filling up the DagBag from /opt/airflow/dags/weather_etl.py
[2025-02-27T23:10:58.928+0000] {processor.py:840} INFO - DAG(s) 'weather_etl' retrieved from /opt/airflow/dags/weather_etl.py
[2025-02-27T23:10:59.053+0000] {logging_mixin.py:188} INFO - [2025-02-27T23:10:59.052+0000] {dag.py:3096} INFO - Sync 1 DAGs
[2025-02-27T23:10:59.098+0000] {logging_mixin.py:188} INFO - [2025-02-27T23:10:59.098+0000] {dag.py:3954} INFO - Setting next_dagrun for weather_etl to 2025-02-27 23:10:00+00:00, run_after=2025-02-27 23:20:00+00:00
[2025-02-27T23:10:59.144+0000] {processor.py:183} INFO - Processing /opt/airflow/dags/weather_etl.py took 1.002 seconds
[2025-02-27T23:11:29.320+0000] {processor.py:161} INFO - Started process (PID=315) to work on /opt/airflow/dags/weather_etl.py
[2025-02-27T23:11:29.323+0000] {processor.py:830} INFO - Processing file /opt/airflow/dags/weather_etl.py for tasks to queue
[2025-02-27T23:11:29.326+0000] {logging_mixin.py:188} INFO - [2025-02-27T23:11:29.325+0000] {dagbag.py:545} INFO - Filling up the DagBag from /opt/airflow/dags/weather_etl.py
[2025-02-27T23:11:29.695+0000] {processor.py:840} INFO - DAG(s) 'weather_etl' retrieved from /opt/airflow/dags/weather_etl.py
[2025-02-27T23:11:29.769+0000] {logging_mixin.py:188} INFO - [2025-02-27T23:11:29.766+0000] {dag.py:3096} INFO - Sync 1 DAGs
[2025-02-27T23:11:29.819+0000] {logging_mixin.py:188} INFO - [2025-02-27T23:11:29.818+0000] {dag.py:3954} INFO - Setting next_dagrun for weather_etl to 2025-02-27 23:10:00+00:00, run_after=2025-02-27 23:20:00+00:00
[2025-02-27T23:11:29.867+0000] {processor.py:183} INFO - Processing /opt/airflow/dags/weather_etl.py took 0.558 seconds
[2025-02-27T23:12:00.209+0000] {processor.py:161} INFO - Started process (PID=327) to work on /opt/airflow/dags/weather_etl.py
[2025-02-27T23:12:00.215+0000] {processor.py:830} INFO - Processing file /opt/airflow/dags/weather_etl.py for tasks to queue
[2025-02-27T23:12:00.221+0000] {logging_mixin.py:188} INFO - [2025-02-27T23:12:00.220+0000] {dagbag.py:545} INFO - Filling up the DagBag from /opt/airflow/dags/weather_etl.py
[2025-02-27T23:12:00.767+0000] {processor.py:840} INFO - DAG(s) 'weather_etl' retrieved from /opt/airflow/dags/weather_etl.py
[2025-02-27T23:12:00.795+0000] {logging_mixin.py:188} INFO - [2025-02-27T23:12:00.795+0000] {dag.py:3096} INFO - Sync 1 DAGs
[2025-02-27T23:12:00.816+0000] {logging_mixin.py:188} INFO - [2025-02-27T23:12:00.816+0000] {dag.py:3954} INFO - Setting next_dagrun for weather_etl to 2025-02-27 23:10:00+00:00, run_after=2025-02-27 23:20:00+00:00
[2025-02-27T23:12:00.834+0000] {processor.py:183} INFO - Processing /opt/airflow/dags/weather_etl.py took 0.646 seconds
[2025-02-27T23:12:30.899+0000] {processor.py:161} INFO - Started process (PID=339) to work on /opt/airflow/dags/weather_etl.py
[2025-02-27T23:12:30.900+0000] {processor.py:830} INFO - Processing file /opt/airflow/dags/weather_etl.py for tasks to queue
[2025-02-27T23:12:30.901+0000] {logging_mixin.py:188} INFO - [2025-02-27T23:12:30.901+0000] {dagbag.py:545} INFO - Filling up the DagBag from /opt/airflow/dags/weather_etl.py
[2025-02-27T23:12:31.208+0000] {processor.py:840} INFO - DAG(s) 'weather_etl' retrieved from /opt/airflow/dags/weather_etl.py
[2025-02-27T23:12:31.241+0000] {logging_mixin.py:188} INFO - [2025-02-27T23:12:31.240+0000] {dag.py:3096} INFO - Sync 1 DAGs
[2025-02-27T23:12:31.260+0000] {logging_mixin.py:188} INFO - [2025-02-27T23:12:31.260+0000] {dag.py:3954} INFO - Setting next_dagrun for weather_etl to 2025-02-27 23:10:00+00:00, run_after=2025-02-27 23:20:00+00:00
[2025-02-27T23:12:31.463+0000] {processor.py:183} INFO - Processing /opt/airflow/dags/weather_etl.py took 0.571 seconds
[2025-02-27T23:13:01.724+0000] {processor.py:161} INFO - Started process (PID=351) to work on /opt/airflow/dags/weather_etl.py
[2025-02-27T23:13:01.726+0000] {processor.py:830} INFO - Processing file /opt/airflow/dags/weather_etl.py for tasks to queue
[2025-02-27T23:13:01.729+0000] {logging_mixin.py:188} INFO - [2025-02-27T23:13:01.728+0000] {dagbag.py:545} INFO - Filling up the DagBag from /opt/airflow/dags/weather_etl.py
[2025-02-27T23:13:02.080+0000] {processor.py:840} INFO - DAG(s) 'weather_etl' retrieved from /opt/airflow/dags/weather_etl.py
[2025-02-27T23:13:02.109+0000] {logging_mixin.py:188} INFO - [2025-02-27T23:13:02.108+0000] {dag.py:3096} INFO - Sync 1 DAGs
[2025-02-27T23:13:02.289+0000] {logging_mixin.py:188} INFO - [2025-02-27T23:13:02.289+0000] {dag.py:3954} INFO - Setting next_dagrun for weather_etl to 2025-02-27 23:10:00+00:00, run_after=2025-02-27 23:20:00+00:00
[2025-02-27T23:13:02.324+0000] {processor.py:183} INFO - Processing /opt/airflow/dags/weather_etl.py took 0.608 seconds
[2025-02-27T23:13:32.590+0000] {processor.py:161} INFO - Started process (PID=362) to work on /opt/airflow/dags/weather_etl.py
[2025-02-27T23:13:32.594+0000] {processor.py:830} INFO - Processing file /opt/airflow/dags/weather_etl.py for tasks to queue
[2025-02-27T23:13:32.596+0000] {logging_mixin.py:188} INFO - [2025-02-27T23:13:32.595+0000] {dagbag.py:545} INFO - Filling up the DagBag from /opt/airflow/dags/weather_etl.py
[2025-02-27T23:13:32.951+0000] {processor.py:840} INFO - DAG(s) 'weather_etl' retrieved from /opt/airflow/dags/weather_etl.py
[2025-02-27T23:13:32.976+0000] {logging_mixin.py:188} INFO - [2025-02-27T23:13:32.976+0000] {dag.py:3096} INFO - Sync 1 DAGs
[2025-02-27T23:13:32.998+0000] {logging_mixin.py:188} INFO - [2025-02-27T23:13:32.998+0000] {dag.py:3954} INFO - Setting next_dagrun for weather_etl to 2025-02-27 23:10:00+00:00, run_after=2025-02-27 23:20:00+00:00
[2025-02-27T23:13:33.028+0000] {processor.py:183} INFO - Processing /opt/airflow/dags/weather_etl.py took 0.450 seconds
[2025-02-27T23:14:03.358+0000] {processor.py:161} INFO - Started process (PID=375) to work on /opt/airflow/dags/weather_etl.py
[2025-02-27T23:14:03.361+0000] {processor.py:830} INFO - Processing file /opt/airflow/dags/weather_etl.py for tasks to queue
[2025-02-27T23:14:03.371+0000] {logging_mixin.py:188} INFO - [2025-02-27T23:14:03.370+0000] {dagbag.py:545} INFO - Filling up the DagBag from /opt/airflow/dags/weather_etl.py
[2025-02-27T23:14:03.927+0000] {processor.py:840} INFO - DAG(s) 'weather_etl' retrieved from /opt/airflow/dags/weather_etl.py
[2025-02-27T23:14:04.019+0000] {logging_mixin.py:188} INFO - [2025-02-27T23:14:04.018+0000] {dag.py:3096} INFO - Sync 1 DAGs
[2025-02-27T23:14:04.093+0000] {logging_mixin.py:188} INFO - [2025-02-27T23:14:04.093+0000] {dag.py:3954} INFO - Setting next_dagrun for weather_etl to 2025-02-27 23:10:00+00:00, run_after=2025-02-27 23:20:00+00:00
[2025-02-27T23:14:04.177+0000] {processor.py:183} INFO - Processing /opt/airflow/dags/weather_etl.py took 0.861 seconds
[2025-02-27T23:14:34.548+0000] {processor.py:161} INFO - Started process (PID=387) to work on /opt/airflow/dags/weather_etl.py
[2025-02-27T23:14:34.550+0000] {processor.py:830} INFO - Processing file /opt/airflow/dags/weather_etl.py for tasks to queue
[2025-02-27T23:14:34.552+0000] {logging_mixin.py:188} INFO - [2025-02-27T23:14:34.552+0000] {dagbag.py:545} INFO - Filling up the DagBag from /opt/airflow/dags/weather_etl.py
[2025-02-27T23:14:35.005+0000] {processor.py:840} INFO - DAG(s) 'weather_etl' retrieved from /opt/airflow/dags/weather_etl.py
[2025-02-27T23:14:35.039+0000] {logging_mixin.py:188} INFO - [2025-02-27T23:14:35.038+0000] {dag.py:3096} INFO - Sync 1 DAGs
[2025-02-27T23:14:35.068+0000] {logging_mixin.py:188} INFO - [2025-02-27T23:14:35.068+0000] {dag.py:3954} INFO - Setting next_dagrun for weather_etl to 2025-02-27 23:10:00+00:00, run_after=2025-02-27 23:20:00+00:00
[2025-02-27T23:14:35.094+0000] {processor.py:183} INFO - Processing /opt/airflow/dags/weather_etl.py took 0.562 seconds
[2025-02-27T23:14:53.190+0000] {processor.py:161} INFO - Started process (PID=400) to work on /opt/airflow/dags/weather_etl.py
[2025-02-27T23:14:53.193+0000] {processor.py:830} INFO - Processing file /opt/airflow/dags/weather_etl.py for tasks to queue
[2025-02-27T23:14:53.197+0000] {logging_mixin.py:188} INFO - [2025-02-27T23:14:53.196+0000] {dagbag.py:545} INFO - Filling up the DagBag from /opt/airflow/dags/weather_etl.py
[2025-02-27T23:14:53.492+0000] {processor.py:840} INFO - DAG(s) 'weather_etl' retrieved from /opt/airflow/dags/weather_etl.py
[2025-02-27T23:14:53.836+0000] {logging_mixin.py:188} INFO - [2025-02-27T23:14:53.835+0000] {dag.py:3096} INFO - Sync 1 DAGs
[2025-02-27T23:14:53.865+0000] {logging_mixin.py:188} INFO - [2025-02-27T23:14:53.864+0000] {dag.py:3954} INFO - Setting next_dagrun for weather_etl to 2025-02-27 18:00:00+00:00, run_after=2025-02-28 00:00:00+00:00
[2025-02-27T23:14:53.899+0000] {processor.py:183} INFO - Processing /opt/airflow/dags/weather_etl.py took 0.720 seconds
