[2025-02-27T23:05:13.582+0000] {manager.py:470} INFO - Processing files using up to 2 processes at a time 
[2025-02-27T23:05:13.600+0000] {manager.py:471} INFO - Process each file at most once every 30 seconds
[2025-02-27T23:05:13.611+0000] {manager.py:472} INFO - Checking for new files in /opt/airflow/dags every 300 seconds
[2025-02-27T23:05:13.617+0000] {manager.py:737} INFO - Searching for files in /opt/airflow/dags
[2025-02-27T23:05:13.648+0000] {manager.py:740} INFO - There are 1 files in /opt/airflow/dags
[2025-02-27T23:05:14.304+0000] {manager.py:878} INFO - 
================================================================================
DAG File Processing Stats

File Path                           PID  Runtime      # DAGs    # Errors  Last Runtime    Last Run
--------------------------------  -----  ---------  --------  ----------  --------------  ----------
/opt/airflow/dags/weather_etl.py    178  0.31s             0           0
================================================================================
[2025-02-27T23:05:44.826+0000] {manager.py:878} INFO - 
================================================================================
DAG File Processing Stats

File Path                         PID    Runtime      # DAGs    # Errors  Last Runtime    Last Run
--------------------------------  -----  ---------  --------  ----------  --------------  -------------------
/opt/airflow/dags/weather_etl.py                           1           0  8.43s           2025-02-27T23:05:22
================================================================================
[2025-02-27T23:06:16.678+0000] {manager.py:878} INFO - 
================================================================================
DAG File Processing Stats

File Path                           PID  Runtime      # DAGs    # Errors  Last Runtime    Last Run
--------------------------------  -----  ---------  --------  ----------  --------------  -------------------
/opt/airflow/dags/weather_etl.py    207  23.17s            1           0  8.43s           2025-02-27T23:05:22
================================================================================
[2025-02-27T23:06:54.624+0000] {manager.py:878} INFO - 
================================================================================
DAG File Processing Stats

File Path                           PID  Runtime      # DAGs    # Errors  Last Runtime    Last Run
--------------------------------  -----  ---------  --------  ----------  --------------  -------------------
/opt/airflow/dags/weather_etl.py    225  0.04s             1           0  24.73s          2025-02-27T23:06:18
================================================================================
[2025-02-27T23:07:28.011+0000] {manager.py:878} INFO - 
================================================================================
DAG File Processing Stats

File Path                           PID  Runtime      # DAGs    # Errors  Last Runtime    Last Run
--------------------------------  -----  ---------  --------  ----------  --------------  -------------------
/opt/airflow/dags/weather_etl.py    225  32.52s            1           0  24.73s          2025-02-27T23:06:18
================================================================================
[2025-02-27T23:07:30.283+0000] {manager.py:1016} ERROR - Processor for /opt/airflow/dags/weather_etl.py exited with return code 1.
[2025-02-27T23:08:05.638+0000] {manager.py:878} INFO - 
================================================================================
DAG File Processing Stats

File Path                           PID  Runtime      # DAGs    # Errors  Last Runtime    Last Run
--------------------------------  -----  ---------  --------  ----------  --------------  -------------------
/opt/airflow/dags/weather_etl.py    242  0.15s             0          -1  35.69s          2025-02-27T23:07:30
================================================================================
[2025-02-27T23:08:40.742+0000] {manager.py:878} INFO - 
================================================================================
DAG File Processing Stats

File Path                           PID  Runtime      # DAGs    # Errors  Last Runtime    Last Run
--------------------------------  -----  ---------  --------  ----------  --------------  -------------------
/opt/airflow/dags/weather_etl.py    242  35.21s            0          -1  35.69s          2025-02-27T23:07:30
================================================================================
[2025-02-27T23:08:56.225+0000] {manager.py:1203} ERROR - Processor for /opt/airflow/dags/weather_etl.py with PID 242 started at 2025-02-27T23:08:05.249599+00:00 has timed out, killing it.
[2025-02-27T23:09:12.328+0000] {manager.py:878} INFO - 
================================================================================
DAG File Processing Stats

File Path                         PID    Runtime      # DAGs    # Errors  Last Runtime    Last Run
--------------------------------  -----  ---------  --------  ----------  --------------  -------------------
/opt/airflow/dags/weather_etl.py                           0           1  50.91s          2025-02-27T23:08:56
================================================================================
[2025-02-27T23:09:42.397+0000] {manager.py:878} INFO - 
================================================================================
DAG File Processing Stats

File Path                         PID    Runtime      # DAGs    # Errors  Last Runtime    Last Run
--------------------------------  -----  ---------  --------  ----------  --------------  -------------------
/opt/airflow/dags/weather_etl.py                           1           0  11.77s          2025-02-27T23:09:38
================================================================================
[2025-02-27T23:10:12.993+0000] {manager.py:878} INFO - 
================================================================================
DAG File Processing Stats

File Path                           PID  Runtime      # DAGs    # Errors  Last Runtime    Last Run
--------------------------------  -----  ---------  --------  ----------  --------------  -------------------
/opt/airflow/dags/weather_etl.py    271  4.15s             1           0  11.77s          2025-02-27T23:09:38
================================================================================
[2025-02-27T23:10:14.090+0000] {manager.py:737} INFO - Searching for files in /opt/airflow/dags
[2025-02-27T23:10:14.478+0000] {manager.py:740} INFO - There are 1 files in /opt/airflow/dags
[2025-02-27T23:10:43.866+0000] {manager.py:878} INFO - 
================================================================================
DAG File Processing Stats

File Path                         PID    Runtime      # DAGs    # Errors  Last Runtime    Last Run
--------------------------------  -----  ---------  --------  ----------  --------------  -------------------
/opt/airflow/dags/weather_etl.py                           1           0  18.96s          2025-02-27T23:10:27
================================================================================
[2025-02-27T23:11:14.151+0000] {manager.py:878} INFO - 
================================================================================
DAG File Processing Stats

File Path                         PID    Runtime      # DAGs    # Errors  Last Runtime    Last Run
--------------------------------  -----  ---------  --------  ----------  --------------  -------------------
/opt/airflow/dags/weather_etl.py                           1           0  1.16s           2025-02-27T23:10:59
================================================================================
[2025-02-27T23:11:44.508+0000] {manager.py:878} INFO - 
================================================================================
DAG File Processing Stats

File Path                         PID    Runtime      # DAGs    # Errors  Last Runtime    Last Run
--------------------------------  -----  ---------  --------  ----------  --------------  -------------------
/opt/airflow/dags/weather_etl.py                           1           0  0.63s           2025-02-27T23:11:29
================================================================================
[2025-02-27T23:12:14.761+0000] {manager.py:878} INFO - 
================================================================================
DAG File Processing Stats

File Path                         PID    Runtime      # DAGs    # Errors  Last Runtime    Last Run
--------------------------------  -----  ---------  --------  ----------  --------------  -------------------
/opt/airflow/dags/weather_etl.py                           1           0  0.68s           2025-02-27T23:12:00
================================================================================
[2025-02-27T23:12:45.216+0000] {manager.py:878} INFO - 
================================================================================
DAG File Processing Stats

File Path                         PID    Runtime      # DAGs    # Errors  Last Runtime    Last Run
--------------------------------  -----  ---------  --------  ----------  --------------  -------------------
/opt/airflow/dags/weather_etl.py                           1           0  0.59s           2025-02-27T23:12:31
================================================================================
[2025-02-27T23:13:15.410+0000] {manager.py:878} INFO - 
================================================================================
DAG File Processing Stats

File Path                         PID    Runtime      # DAGs    # Errors  Last Runtime    Last Run
--------------------------------  -----  ---------  --------  ----------  --------------  -------------------
/opt/airflow/dags/weather_etl.py                           1           0  0.63s           2025-02-27T23:13:02
================================================================================
[2025-02-27T23:13:45.672+0000] {manager.py:878} INFO - 
================================================================================
DAG File Processing Stats

File Path                         PID    Runtime      # DAGs    # Errors  Last Runtime    Last Run
--------------------------------  -----  ---------  --------  ----------  --------------  -------------------
/opt/airflow/dags/weather_etl.py                           1           0  0.49s           2025-02-27T23:13:33
================================================================================
[2025-02-27T23:14:15.890+0000] {manager.py:878} INFO - 
================================================================================
DAG File Processing Stats

File Path                         PID    Runtime      # DAGs    # Errors  Last Runtime    Last Run
--------------------------------  -----  ---------  --------  ----------  --------------  -------------------
/opt/airflow/dags/weather_etl.py                           1           0  0.94s           2025-02-27T23:14:04
================================================================================
[2025-02-27T23:14:46.110+0000] {manager.py:878} INFO - 
================================================================================
DAG File Processing Stats

File Path                         PID    Runtime      # DAGs    # Errors  Last Runtime    Last Run
--------------------------------  -----  ---------  --------  ----------  --------------  -------------------
/opt/airflow/dags/weather_etl.py                           1           0  0.65s           2025-02-27T23:14:35
================================================================================
[2025-02-27T23:15:14.119+0000] {manager.py:737} INFO - Searching for files in /opt/airflow/dags
[2025-02-27T23:15:14.137+0000] {manager.py:740} INFO - There are 1 files in /opt/airflow/dags
[2025-02-27T23:15:16.173+0000] {manager.py:878} INFO - 
================================================================================
DAG File Processing Stats

File Path                         PID    Runtime      # DAGs    # Errors  Last Runtime    Last Run
--------------------------------  -----  ---------  --------  ----------  --------------  -------------------
/opt/airflow/dags/weather_etl.py                           1           0  0.75s           2025-02-27T23:14:53
================================================================================
[2025-02-27T23:15:19.785+0000] {manager.py:452} INFO - Exiting gracefully upon receiving signal 15
[2025-02-28T10:45:19.092+0000] {manager.py:470} INFO - Processing files using up to 2 processes at a time 
[2025-02-28T10:45:19.100+0000] {manager.py:471} INFO - Process each file at most once every 30 seconds
[2025-02-28T10:45:19.101+0000] {manager.py:472} INFO - Checking for new files in /opt/airflow/dags every 300 seconds
[2025-02-28T10:45:19.103+0000] {manager.py:737} INFO - Searching for files in /opt/airflow/dags
[2025-02-28T10:45:19.116+0000] {manager.py:740} INFO - There are 1 files in /opt/airflow/dags
[2025-02-28T10:45:19.454+0000] {manager.py:878} INFO - 
================================================================================
DAG File Processing Stats

File Path                           PID  Runtime      # DAGs    # Errors  Last Runtime    Last Run
--------------------------------  -----  ---------  --------  ----------  --------------  ----------
/opt/airflow/dags/weather_etl.py    176  0.11s             0           0
================================================================================
[2025-02-28T10:45:49.719+0000] {manager.py:878} INFO - 
================================================================================
DAG File Processing Stats

File Path                         PID    Runtime      # DAGs    # Errors  Last Runtime    Last Run
--------------------------------  -----  ---------  --------  ----------  --------------  -------------------
/opt/airflow/dags/weather_etl.py                           1           0  5.37s           2025-02-28T10:45:24
================================================================================
[2025-02-28T10:46:20.018+0000] {manager.py:878} INFO - 
================================================================================
DAG File Processing Stats

File Path                         PID    Runtime      # DAGs    # Errors  Last Runtime    Last Run
--------------------------------  -----  ---------  --------  ----------  --------------  -------------------
/opt/airflow/dags/weather_etl.py                           1           0  7.11s           2025-02-28T10:46:02
================================================================================
[2025-02-28T10:46:50.625+0000] {manager.py:878} INFO - 
================================================================================
DAG File Processing Stats

File Path                         PID    Runtime      # DAGs    # Errors  Last Runtime    Last Run
--------------------------------  -----  ---------  --------  ----------  --------------  -------------------
/opt/airflow/dags/weather_etl.py                           1           0  2.97s           2025-02-28T10:46:36
================================================================================
[2025-02-28T10:47:20.903+0000] {manager.py:878} INFO - 
================================================================================
DAG File Processing Stats

File Path                         PID    Runtime      # DAGs    # Errors  Last Runtime    Last Run
--------------------------------  -----  ---------  --------  ----------  --------------  -------------------
/opt/airflow/dags/weather_etl.py                           1           0  2.11s           2025-02-28T10:47:08
================================================================================
[2025-02-28T10:47:51.177+0000] {manager.py:878} INFO - 
================================================================================
DAG File Processing Stats

File Path                         PID    Runtime      # DAGs    # Errors  Last Runtime    Last Run
--------------------------------  -----  ---------  --------  ----------  --------------  -------------------
/opt/airflow/dags/weather_etl.py                           1           0  0.69s           2025-02-28T10:47:39
================================================================================
[2025-02-28T10:48:21.387+0000] {manager.py:878} INFO - 
================================================================================
DAG File Processing Stats

File Path                         PID    Runtime      # DAGs    # Errors  Last Runtime    Last Run
--------------------------------  -----  ---------  --------  ----------  --------------  -------------------
/opt/airflow/dags/weather_etl.py                           1           0  0.51s           2025-02-28T10:48:10
================================================================================
[2025-02-28T10:48:51.751+0000] {manager.py:878} INFO - 
================================================================================
DAG File Processing Stats

File Path                         PID    Runtime      # DAGs    # Errors  Last Runtime    Last Run
--------------------------------  -----  ---------  --------  ----------  --------------  -------------------
/opt/airflow/dags/weather_etl.py                           1           0  0.64s           2025-02-28T10:48:41
================================================================================
[2025-02-28T10:49:21.977+0000] {manager.py:878} INFO - 
================================================================================
DAG File Processing Stats

File Path                         PID    Runtime      # DAGs    # Errors  Last Runtime    Last Run
--------------------------------  -----  ---------  --------  ----------  --------------  -------------------
/opt/airflow/dags/weather_etl.py                           1           0  0.65s           2025-02-28T10:49:12
================================================================================
[2025-02-28T10:49:52.308+0000] {manager.py:878} INFO - 
================================================================================
DAG File Processing Stats

File Path                         PID    Runtime      # DAGs    # Errors  Last Runtime    Last Run
--------------------------------  -----  ---------  --------  ----------  --------------  -------------------
/opt/airflow/dags/weather_etl.py                           1           0  2.06s           2025-02-28T10:49:44
================================================================================
[2025-02-28T10:50:19.644+0000] {manager.py:737} INFO - Searching for files in /opt/airflow/dags
[2025-02-28T10:50:19.655+0000] {manager.py:740} INFO - There are 1 files in /opt/airflow/dags
[2025-02-28T10:50:22.722+0000] {manager.py:878} INFO - 
================================================================================
DAG File Processing Stats

File Path                         PID    Runtime      # DAGs    # Errors  Last Runtime    Last Run
--------------------------------  -----  ---------  --------  ----------  --------------  -------------------
/opt/airflow/dags/weather_etl.py                           1           0  0.44s           2025-02-28T10:50:14
================================================================================
[2025-02-28T10:50:52.837+0000] {manager.py:878} INFO - 
================================================================================
DAG File Processing Stats

File Path                         PID    Runtime      # DAGs    # Errors  Last Runtime    Last Run
--------------------------------  -----  ---------  --------  ----------  --------------  -------------------
/opt/airflow/dags/weather_etl.py                           1           0  0.52s           2025-02-28T10:50:45
================================================================================
[2025-02-28T10:50:57.363+0000] {manager.py:452} INFO - Exiting gracefully upon receiving signal 15
[2025-02-28T14:48:38.629+0000] {manager.py:470} INFO - Processing files using up to 2 processes at a time 
[2025-02-28T14:48:38.635+0000] {manager.py:471} INFO - Process each file at most once every 30 seconds
[2025-02-28T14:48:38.655+0000] {manager.py:472} INFO - Checking for new files in /opt/airflow/dags every 300 seconds
[2025-02-28T14:48:38.664+0000] {manager.py:737} INFO - Searching for files in /opt/airflow/dags
[2025-02-28T14:48:38.696+0000] {manager.py:740} INFO - There are 1 files in /opt/airflow/dags
[2025-02-28T14:48:39.540+0000] {manager.py:878} INFO - 
================================================================================
DAG File Processing Stats

File Path                           PID  Runtime      # DAGs    # Errors  Last Runtime    Last Run
--------------------------------  -----  ---------  --------  ----------  --------------  ----------
/opt/airflow/dags/weather_etl.py    176  0.62s             0           0
================================================================================
[2025-02-28T14:49:10.210+0000] {manager.py:878} INFO - 
================================================================================
DAG File Processing Stats

File Path                         PID    Runtime      # DAGs    # Errors  Last Runtime    Last Run
--------------------------------  -----  ---------  --------  ----------  --------------  -------------------
/opt/airflow/dags/weather_etl.py                           1           0  3.80s           2025-02-28T14:48:42
================================================================================
[2025-02-28T14:49:40.947+0000] {manager.py:878} INFO - 
================================================================================
DAG File Processing Stats

File Path                         PID    Runtime      # DAGs    # Errors  Last Runtime    Last Run
--------------------------------  -----  ---------  --------  ----------  --------------  -------------------
/opt/airflow/dags/weather_etl.py                           1           0  3.15s           2025-02-28T14:49:17
================================================================================
[2025-02-28T14:50:11.027+0000] {manager.py:878} INFO - 
================================================================================
DAG File Processing Stats

File Path                         PID    Runtime      # DAGs    # Errors  Last Runtime    Last Run
--------------------------------  -----  ---------  --------  ----------  --------------  -------------------
/opt/airflow/dags/weather_etl.py                           1           0  0.87s           2025-02-28T14:49:48
================================================================================
[2025-02-28T14:50:41.326+0000] {manager.py:878} INFO - 
================================================================================
DAG File Processing Stats

File Path                         PID    Runtime      # DAGs    # Errors  Last Runtime    Last Run
--------------------------------  -----  ---------  --------  ----------  --------------  -------------------
/opt/airflow/dags/weather_etl.py                           1           0  1.09s           2025-02-28T14:50:20
================================================================================
[2025-02-28T14:51:11.403+0000] {manager.py:878} INFO - 
================================================================================
DAG File Processing Stats

File Path                         PID    Runtime      # DAGs    # Errors  Last Runtime    Last Run
--------------------------------  -----  ---------  --------  ----------  --------------  -------------------
/opt/airflow/dags/weather_etl.py                           1           0  0.88s           2025-02-28T14:50:51
================================================================================
[2025-02-28T14:51:41.777+0000] {manager.py:878} INFO - 
================================================================================
DAG File Processing Stats

File Path                         PID    Runtime      # DAGs    # Errors  Last Runtime    Last Run
--------------------------------  -----  ---------  --------  ----------  --------------  -------------------
/opt/airflow/dags/weather_etl.py                           1           0  0.61s           2025-02-28T14:51:22
================================================================================
[2025-02-28T14:52:11.962+0000] {manager.py:878} INFO - 
================================================================================
DAG File Processing Stats

File Path                         PID    Runtime      # DAGs    # Errors  Last Runtime    Last Run
--------------------------------  -----  ---------  --------  ----------  --------------  -------------------
/opt/airflow/dags/weather_etl.py                           1           0  1.54s           2025-02-28T14:51:53
================================================================================
[2025-02-28T14:52:42.306+0000] {manager.py:878} INFO - 
================================================================================
DAG File Processing Stats

File Path                         PID    Runtime      # DAGs    # Errors  Last Runtime    Last Run
--------------------------------  -----  ---------  --------  ----------  --------------  -------------------
/opt/airflow/dags/weather_etl.py                           1           0  1.18s           2025-02-28T14:52:25
================================================================================
[2025-02-28T14:53:12.403+0000] {manager.py:878} INFO - 
================================================================================
DAG File Processing Stats

File Path                         PID    Runtime      # DAGs    # Errors  Last Runtime    Last Run
--------------------------------  -----  ---------  --------  ----------  --------------  -------------------
/opt/airflow/dags/weather_etl.py                           1           0  1.82s           2025-02-28T14:52:57
================================================================================
[2025-02-28T14:53:39.023+0000] {manager.py:737} INFO - Searching for files in /opt/airflow/dags
[2025-02-28T14:53:39.058+0000] {manager.py:740} INFO - There are 1 files in /opt/airflow/dags
[2025-02-28T14:53:43.148+0000] {manager.py:878} INFO - 
================================================================================
DAG File Processing Stats

File Path                         PID    Runtime      # DAGs    # Errors  Last Runtime    Last Run
--------------------------------  -----  ---------  --------  ----------  --------------  -------------------
/opt/airflow/dags/weather_etl.py                           1           0  1.50s           2025-02-28T14:53:29
================================================================================
[2025-02-28T14:54:13.160+0000] {manager.py:878} INFO - 
================================================================================
DAG File Processing Stats

File Path                         PID    Runtime      # DAGs    # Errors  Last Runtime    Last Run
--------------------------------  -----  ---------  --------  ----------  --------------  -------------------
/opt/airflow/dags/weather_etl.py                           1           0  0.84s           2025-02-28T14:54:00
================================================================================
[2025-02-28T14:54:43.496+0000] {manager.py:878} INFO - 
================================================================================
DAG File Processing Stats

File Path                         PID    Runtime      # DAGs    # Errors  Last Runtime    Last Run
--------------------------------  -----  ---------  --------  ----------  --------------  -------------------
/opt/airflow/dags/weather_etl.py                           1           0  0.52s           2025-02-28T14:54:30
================================================================================
[2025-02-28T14:55:13.741+0000] {manager.py:878} INFO - 
================================================================================
DAG File Processing Stats

File Path                         PID    Runtime      # DAGs    # Errors  Last Runtime    Last Run
--------------------------------  -----  ---------  --------  ----------  --------------  -------------------
/opt/airflow/dags/weather_etl.py                           1           0  0.59s           2025-02-28T14:55:01
================================================================================
[2025-02-28T14:55:44.325+0000] {manager.py:878} INFO - 
================================================================================
DAG File Processing Stats

File Path                         PID    Runtime      # DAGs    # Errors  Last Runtime    Last Run
--------------------------------  -----  ---------  --------  ----------  --------------  -------------------
/opt/airflow/dags/weather_etl.py                           1           0  0.67s           2025-02-28T14:55:32
================================================================================
[2025-02-28T14:56:14.508+0000] {manager.py:878} INFO - 
================================================================================
DAG File Processing Stats

File Path                         PID    Runtime      # DAGs    # Errors  Last Runtime    Last Run
--------------------------------  -----  ---------  --------  ----------  --------------  -------------------
/opt/airflow/dags/weather_etl.py                           1           0  0.51s           2025-02-28T14:56:03
================================================================================
[2025-02-28T14:56:45.165+0000] {manager.py:878} INFO - 
================================================================================
DAG File Processing Stats

File Path                         PID    Runtime      # DAGs    # Errors  Last Runtime    Last Run
--------------------------------  -----  ---------  --------  ----------  --------------  -------------------
/opt/airflow/dags/weather_etl.py                           1           0  0.77s           2025-02-28T14:56:34
================================================================================
[2025-02-28T14:57:15.341+0000] {manager.py:878} INFO - 
================================================================================
DAG File Processing Stats

File Path                         PID    Runtime      # DAGs    # Errors  Last Runtime    Last Run
--------------------------------  -----  ---------  --------  ----------  --------------  -------------------
/opt/airflow/dags/weather_etl.py                           1           0  0.73s           2025-02-28T14:57:05
================================================================================
[2025-02-28T14:57:45.544+0000] {manager.py:878} INFO - 
================================================================================
DAG File Processing Stats

File Path                         PID    Runtime      # DAGs    # Errors  Last Runtime    Last Run
--------------------------------  -----  ---------  --------  ----------  --------------  -------------------
/opt/airflow/dags/weather_etl.py                           1           0  0.60s           2025-02-28T14:57:36
================================================================================
[2025-02-28T14:58:15.702+0000] {manager.py:878} INFO - 
================================================================================
DAG File Processing Stats

File Path                         PID    Runtime      # DAGs    # Errors  Last Runtime    Last Run
--------------------------------  -----  ---------  --------  ----------  --------------  -------------------
/opt/airflow/dags/weather_etl.py                           1           0  0.38s           2025-02-28T14:58:06
================================================================================
[2025-02-28T14:58:39.459+0000] {manager.py:737} INFO - Searching for files in /opt/airflow/dags
[2025-02-28T14:58:39.473+0000] {manager.py:740} INFO - There are 1 files in /opt/airflow/dags
[2025-02-28T14:58:46.542+0000] {manager.py:878} INFO - 
================================================================================
DAG File Processing Stats

File Path                         PID    Runtime      # DAGs    # Errors  Last Runtime    Last Run
--------------------------------  -----  ---------  --------  ----------  --------------  -------------------
/opt/airflow/dags/weather_etl.py                           1           0  0.61s           2025-02-28T14:58:37
================================================================================
[2025-02-28T14:59:16.747+0000] {manager.py:878} INFO - 
================================================================================
DAG File Processing Stats

File Path                         PID    Runtime      # DAGs    # Errors  Last Runtime    Last Run
--------------------------------  -----  ---------  --------  ----------  --------------  -------------------
/opt/airflow/dags/weather_etl.py                           1           0  0.68s           2025-02-28T14:59:08
================================================================================
[2025-03-01T01:29:31.650+0000] {manager.py:470} INFO - Processing files using up to 2 processes at a time 
[2025-03-01T01:29:31.680+0000] {manager.py:471} INFO - Process each file at most once every 30 seconds
[2025-03-01T01:29:31.695+0000] {manager.py:472} INFO - Checking for new files in /opt/airflow/dags every 300 seconds
[2025-03-01T01:29:31.728+0000] {manager.py:737} INFO - Searching for files in /opt/airflow/dags
[2025-03-01T01:29:31.944+0000] {manager.py:740} INFO - There are 1 files in /opt/airflow/dags
[2025-03-01T01:29:32.842+0000] {manager.py:878} INFO - 
================================================================================
DAG File Processing Stats

File Path                           PID  Runtime      # DAGs    # Errors  Last Runtime    Last Run
--------------------------------  -----  ---------  --------  ----------  --------------  ----------
/opt/airflow/dags/weather_etl.py    182  0.25s             0           0
================================================================================
[2025-03-01T01:30:03.469+0000] {manager.py:878} INFO - 
================================================================================
DAG File Processing Stats

File Path                         PID    Runtime      # DAGs    # Errors  Last Runtime    Last Run
--------------------------------  -----  ---------  --------  ----------  --------------  -------------------
/opt/airflow/dags/weather_etl.py                           1           0  6.82s           2025-03-01T01:29:39
================================================================================
[2025-03-01T01:30:34.309+0000] {manager.py:878} INFO - 
================================================================================
DAG File Processing Stats

File Path                         PID    Runtime      # DAGs    # Errors  Last Runtime    Last Run
--------------------------------  -----  ---------  --------  ----------  --------------  -------------------
/opt/airflow/dags/weather_etl.py                           1           0  5.81s           2025-03-01T01:30:16
================================================================================
[2025-03-01T01:31:04.524+0000] {manager.py:878} INFO - 
================================================================================
DAG File Processing Stats

File Path                         PID    Runtime      # DAGs    # Errors  Last Runtime    Last Run
--------------------------------  -----  ---------  --------  ----------  --------------  -------------------
/opt/airflow/dags/weather_etl.py                           1           0  1.93s           2025-03-01T01:30:48
================================================================================
[2025-03-01T01:31:34.459+0000] {manager.py:878} INFO - 
================================================================================
DAG File Processing Stats

File Path                         PID    Runtime      # DAGs    # Errors  Last Runtime    Last Run
--------------------------------  -----  ---------  --------  ----------  --------------  -------------------
/opt/airflow/dags/weather_etl.py                           1           0  0.80s           2025-03-01T01:31:19
================================================================================
[2025-03-01T01:32:04.795+0000] {manager.py:878} INFO - 
================================================================================
DAG File Processing Stats

File Path                         PID    Runtime      # DAGs    # Errors  Last Runtime    Last Run
--------------------------------  -----  ---------  --------  ----------  --------------  -------------------
/opt/airflow/dags/weather_etl.py                           1           0  1.21s           2025-03-01T01:31:50
================================================================================
[2025-03-01T01:32:35.150+0000] {manager.py:878} INFO - 
================================================================================
DAG File Processing Stats

File Path                         PID    Runtime      # DAGs    # Errors  Last Runtime    Last Run
--------------------------------  -----  ---------  --------  ----------  --------------  -------------------
/opt/airflow/dags/weather_etl.py                           1           0  0.36s           2025-03-01T01:32:21
================================================================================
[2025-03-01T01:33:05.409+0000] {manager.py:878} INFO - 
================================================================================
DAG File Processing Stats

File Path                         PID    Runtime      # DAGs    # Errors  Last Runtime    Last Run
--------------------------------  -----  ---------  --------  ----------  --------------  -------------------
/opt/airflow/dags/weather_etl.py                           1           0  0.98s           2025-03-01T01:32:52
================================================================================
[2025-03-01T01:33:35.767+0000] {manager.py:878} INFO - 
================================================================================
DAG File Processing Stats

File Path                         PID    Runtime      # DAGs    # Errors  Last Runtime    Last Run
--------------------------------  -----  ---------  --------  ----------  --------------  -------------------
/opt/airflow/dags/weather_etl.py                           1           0  0.50s           2025-03-01T01:33:23
================================================================================
[2025-03-01T01:34:05.932+0000] {manager.py:878} INFO - 
================================================================================
DAG File Processing Stats

File Path                         PID    Runtime      # DAGs    # Errors  Last Runtime    Last Run
--------------------------------  -----  ---------  --------  ----------  --------------  -------------------
/opt/airflow/dags/weather_etl.py                           1           0  0.61s           2025-03-01T01:33:53
================================================================================
[2025-03-01T09:02:49.068+0000] {manager.py:470} INFO - Processing files using up to 2 processes at a time 
[2025-03-01T09:02:49.088+0000] {manager.py:471} INFO - Process each file at most once every 30 seconds
[2025-03-01T09:02:49.118+0000] {manager.py:472} INFO - Checking for new files in /opt/airflow/dags every 300 seconds
[2025-03-01T09:02:49.149+0000] {manager.py:737} INFO - Searching for files in /opt/airflow/dags
[2025-03-01T09:02:49.243+0000] {manager.py:740} INFO - There are 1 files in /opt/airflow/dags
[2025-03-01T09:02:50.418+0000] {manager.py:878} INFO - 
================================================================================
DAG File Processing Stats

File Path                           PID  Runtime      # DAGs    # Errors  Last Runtime    Last Run
--------------------------------  -----  ---------  --------  ----------  --------------  ----------
/opt/airflow/dags/weather_etl.py    187  0.44s             0           0
================================================================================
[2025-03-01T09:03:20.936+0000] {manager.py:878} INFO - 
================================================================================
DAG File Processing Stats

File Path                         PID    Runtime      # DAGs    # Errors  Last Runtime    Last Run
--------------------------------  -----  ---------  --------  ----------  --------------  -------------------
/opt/airflow/dags/weather_etl.py                           1           0  10.65s          2025-03-01T09:03:00
================================================================================
[2025-03-01T09:03:51.629+0000] {manager.py:878} INFO - 
================================================================================
DAG File Processing Stats

File Path                         PID    Runtime      # DAGs    # Errors  Last Runtime    Last Run
--------------------------------  -----  ---------  --------  ----------  --------------  -------------------
/opt/airflow/dags/weather_etl.py                           1           0  11.59s          2025-03-01T09:03:42
================================================================================
[2025-03-01T09:04:21.778+0000] {manager.py:878} INFO - 
================================================================================
DAG File Processing Stats

File Path                         PID    Runtime      # DAGs    # Errors  Last Runtime    Last Run
--------------------------------  -----  ---------  --------  ----------  --------------  -------------------
/opt/airflow/dags/weather_etl.py                           1           0  1.73s           2025-03-01T09:04:14
================================================================================
[2025-03-01T09:04:52.402+0000] {manager.py:878} INFO - 
================================================================================
DAG File Processing Stats

File Path                         PID    Runtime      # DAGs    # Errors  Last Runtime    Last Run
--------------------------------  -----  ---------  --------  ----------  --------------  -------------------
/opt/airflow/dags/weather_etl.py                           1           0  1.55s           2025-03-01T09:04:46
================================================================================
[2025-03-01T09:05:22.864+0000] {manager.py:878} INFO - 
================================================================================
DAG File Processing Stats

File Path                         PID    Runtime      # DAGs    # Errors  Last Runtime    Last Run
--------------------------------  -----  ---------  --------  ----------  --------------  -------------------
/opt/airflow/dags/weather_etl.py                           1           0  0.72s           2025-03-01T09:05:17
================================================================================
[2025-03-01T09:05:53.193+0000] {manager.py:878} INFO - 
================================================================================
DAG File Processing Stats

File Path                         PID    Runtime      # DAGs    # Errors  Last Runtime    Last Run
--------------------------------  -----  ---------  --------  ----------  --------------  -------------------
/opt/airflow/dags/weather_etl.py                           1           0  0.52s           2025-03-01T09:05:48
================================================================================
[2025-03-01T09:06:23.508+0000] {manager.py:878} INFO - 
================================================================================
DAG File Processing Stats

File Path                         PID    Runtime      # DAGs    # Errors  Last Runtime    Last Run
--------------------------------  -----  ---------  --------  ----------  --------------  -------------------
/opt/airflow/dags/weather_etl.py                           1           0  0.95s           2025-03-01T09:06:19
================================================================================
