[2025-03-01T01:29:32.745+0000] {processor.py:161} INFO - Started process (PID=182) to work on /opt/airflow/dags/weather_etl.py
[2025-03-01T01:29:32.752+0000] {processor.py:830} INFO - Processing file /opt/airflow/dags/weather_etl.py for tasks to queue
[2025-03-01T01:29:32.775+0000] {logging_mixin.py:188} INFO - [2025-03-01T01:29:32.775+0000] {dagbag.py:545} INFO - Filling up the DagBag from /opt/airflow/dags/weather_etl.py
[2025-03-01T01:29:36.654+0000] {processor.py:840} INFO - DAG(s) 'weather_etl' retrieved from /opt/airflow/dags/weather_etl.py
[2025-03-01T01:29:38.199+0000] {logging_mixin.py:188} INFO - [2025-03-01T01:29:38.199+0000] {dag.py:3096} INFO - Sync 1 DAGs
[2025-03-01T01:29:38.990+0000] {logging_mixin.py:188} INFO - [2025-03-01T01:29:38.958+0000] {dag.py:3954} INFO - Setting next_dagrun for weather_etl to 2025-03-01 00:00:00+00:00, run_after=2025-03-01 06:00:00+00:00
[2025-03-01T01:29:39.321+0000] {processor.py:183} INFO - Processing /opt/airflow/dags/weather_etl.py took 6.623 seconds
[2025-03-01T01:30:12.004+0000] {processor.py:161} INFO - Started process (PID=210) to work on /opt/airflow/dags/weather_etl.py
[2025-03-01T01:30:12.034+0000] {processor.py:830} INFO - Processing file /opt/airflow/dags/weather_etl.py for tasks to queue
[2025-03-01T01:30:12.106+0000] {logging_mixin.py:188} INFO - [2025-03-01T01:30:12.089+0000] {dagbag.py:545} INFO - Filling up the DagBag from /opt/airflow/dags/weather_etl.py
[2025-03-01T01:30:14.956+0000] {processor.py:840} INFO - DAG(s) 'weather_etl' retrieved from /opt/airflow/dags/weather_etl.py
[2025-03-01T01:30:15.755+0000] {logging_mixin.py:188} INFO - [2025-03-01T01:30:15.755+0000] {dag.py:3096} INFO - Sync 1 DAGs
[2025-03-01T01:30:15.891+0000] {logging_mixin.py:188} INFO - [2025-03-01T01:30:15.890+0000] {dag.py:3954} INFO - Setting next_dagrun for weather_etl to 2025-03-01 00:00:00+00:00, run_after=2025-03-01 06:00:00+00:00
[2025-03-01T01:30:16.105+0000] {processor.py:183} INFO - Processing /opt/airflow/dags/weather_etl.py took 4.327 seconds
[2025-03-01T01:30:46.633+0000] {processor.py:161} INFO - Started process (PID=260) to work on /opt/airflow/dags/weather_etl.py
[2025-03-01T01:30:46.640+0000] {processor.py:830} INFO - Processing file /opt/airflow/dags/weather_etl.py for tasks to queue
[2025-03-01T01:30:46.669+0000] {logging_mixin.py:188} INFO - [2025-03-01T01:30:46.666+0000] {dagbag.py:545} INFO - Filling up the DagBag from /opt/airflow/dags/weather_etl.py
[2025-03-01T01:30:48.159+0000] {processor.py:840} INFO - DAG(s) 'weather_etl' retrieved from /opt/airflow/dags/weather_etl.py
[2025-03-01T01:30:48.238+0000] {logging_mixin.py:188} INFO - [2025-03-01T01:30:48.238+0000] {dag.py:3096} INFO - Sync 1 DAGs
[2025-03-01T01:30:48.315+0000] {logging_mixin.py:188} INFO - [2025-03-01T01:30:48.314+0000] {dag.py:3954} INFO - Setting next_dagrun for weather_etl to 2025-03-01 00:00:00+00:00, run_after=2025-03-01 06:00:00+00:00
[2025-03-01T01:30:48.380+0000] {processor.py:183} INFO - Processing /opt/airflow/dags/weather_etl.py took 1.814 seconds
[2025-03-01T01:31:18.687+0000] {processor.py:161} INFO - Started process (PID=272) to work on /opt/airflow/dags/weather_etl.py
[2025-03-01T01:31:18.691+0000] {processor.py:830} INFO - Processing file /opt/airflow/dags/weather_etl.py for tasks to queue
[2025-03-01T01:31:18.695+0000] {logging_mixin.py:188} INFO - [2025-03-01T01:31:18.695+0000] {dagbag.py:545} INFO - Filling up the DagBag from /opt/airflow/dags/weather_etl.py
[2025-03-01T01:31:18.984+0000] {processor.py:840} INFO - DAG(s) 'weather_etl' retrieved from /opt/airflow/dags/weather_etl.py
[2025-03-01T01:31:19.006+0000] {logging_mixin.py:188} INFO - [2025-03-01T01:31:19.006+0000] {dag.py:3096} INFO - Sync 1 DAGs
[2025-03-01T01:31:19.025+0000] {logging_mixin.py:188} INFO - [2025-03-01T01:31:19.025+0000] {dag.py:3954} INFO - Setting next_dagrun for weather_etl to 2025-03-01 00:00:00+00:00, run_after=2025-03-01 06:00:00+00:00
[2025-03-01T01:31:19.415+0000] {processor.py:183} INFO - Processing /opt/airflow/dags/weather_etl.py took 0.742 seconds
[2025-03-01T01:31:49.666+0000] {processor.py:161} INFO - Started process (PID=284) to work on /opt/airflow/dags/weather_etl.py
[2025-03-01T01:31:49.674+0000] {processor.py:830} INFO - Processing file /opt/airflow/dags/weather_etl.py for tasks to queue
[2025-03-01T01:31:49.686+0000] {logging_mixin.py:188} INFO - [2025-03-01T01:31:49.686+0000] {dagbag.py:545} INFO - Filling up the DagBag from /opt/airflow/dags/weather_etl.py
[2025-03-01T01:31:50.496+0000] {processor.py:840} INFO - DAG(s) 'weather_etl' retrieved from /opt/airflow/dags/weather_etl.py
[2025-03-01T01:31:50.551+0000] {logging_mixin.py:188} INFO - [2025-03-01T01:31:50.551+0000] {dag.py:3096} INFO - Sync 1 DAGs
[2025-03-01T01:31:50.748+0000] {logging_mixin.py:188} INFO - [2025-03-01T01:31:50.748+0000] {dag.py:3954} INFO - Setting next_dagrun for weather_etl to 2025-03-01 00:00:00+00:00, run_after=2025-03-01 06:00:00+00:00
[2025-03-01T01:31:50.784+0000] {processor.py:183} INFO - Processing /opt/airflow/dags/weather_etl.py took 1.148 seconds
[2025-03-01T01:32:20.924+0000] {processor.py:161} INFO - Started process (PID=296) to work on /opt/airflow/dags/weather_etl.py
[2025-03-01T01:32:20.925+0000] {processor.py:830} INFO - Processing file /opt/airflow/dags/weather_etl.py for tasks to queue
[2025-03-01T01:32:20.928+0000] {logging_mixin.py:188} INFO - [2025-03-01T01:32:20.928+0000] {dagbag.py:545} INFO - Filling up the DagBag from /opt/airflow/dags/weather_etl.py
[2025-03-01T01:32:21.188+0000] {processor.py:840} INFO - DAG(s) 'weather_etl' retrieved from /opt/airflow/dags/weather_etl.py
[2025-03-01T01:32:21.213+0000] {logging_mixin.py:188} INFO - [2025-03-01T01:32:21.213+0000] {dag.py:3096} INFO - Sync 1 DAGs
[2025-03-01T01:32:21.232+0000] {logging_mixin.py:188} INFO - [2025-03-01T01:32:21.232+0000] {dag.py:3954} INFO - Setting next_dagrun for weather_etl to 2025-03-01 00:00:00+00:00, run_after=2025-03-01 06:00:00+00:00
[2025-03-01T01:32:21.253+0000] {processor.py:183} INFO - Processing /opt/airflow/dags/weather_etl.py took 0.337 seconds
[2025-03-01T01:32:51.359+0000] {processor.py:161} INFO - Started process (PID=308) to work on /opt/airflow/dags/weather_etl.py
[2025-03-01T01:32:51.366+0000] {processor.py:830} INFO - Processing file /opt/airflow/dags/weather_etl.py for tasks to queue
[2025-03-01T01:32:51.381+0000] {logging_mixin.py:188} INFO - [2025-03-01T01:32:51.373+0000] {dagbag.py:545} INFO - Filling up the DagBag from /opt/airflow/dags/weather_etl.py
[2025-03-01T01:32:52.099+0000] {processor.py:840} INFO - DAG(s) 'weather_etl' retrieved from /opt/airflow/dags/weather_etl.py
[2025-03-01T01:32:52.221+0000] {logging_mixin.py:188} INFO - [2025-03-01T01:32:52.220+0000] {dag.py:3096} INFO - Sync 1 DAGs
[2025-03-01T01:32:52.250+0000] {logging_mixin.py:188} INFO - [2025-03-01T01:32:52.249+0000] {dag.py:3954} INFO - Setting next_dagrun for weather_etl to 2025-03-01 00:00:00+00:00, run_after=2025-03-01 06:00:00+00:00
[2025-03-01T01:32:52.278+0000] {processor.py:183} INFO - Processing /opt/airflow/dags/weather_etl.py took 0.935 seconds
[2025-03-01T01:33:22.541+0000] {processor.py:161} INFO - Started process (PID=320) to work on /opt/airflow/dags/weather_etl.py
[2025-03-01T01:33:22.543+0000] {processor.py:830} INFO - Processing file /opt/airflow/dags/weather_etl.py for tasks to queue
[2025-03-01T01:33:22.546+0000] {logging_mixin.py:188} INFO - [2025-03-01T01:33:22.545+0000] {dagbag.py:545} INFO - Filling up the DagBag from /opt/airflow/dags/weather_etl.py
[2025-03-01T01:33:22.917+0000] {processor.py:840} INFO - DAG(s) 'weather_etl' retrieved from /opt/airflow/dags/weather_etl.py
[2025-03-01T01:33:22.948+0000] {logging_mixin.py:188} INFO - [2025-03-01T01:33:22.948+0000] {dag.py:3096} INFO - Sync 1 DAGs
[2025-03-01T01:33:22.971+0000] {logging_mixin.py:188} INFO - [2025-03-01T01:33:22.971+0000] {dag.py:3954} INFO - Setting next_dagrun for weather_etl to 2025-03-01 00:00:00+00:00, run_after=2025-03-01 06:00:00+00:00
[2025-03-01T01:33:23.005+0000] {processor.py:183} INFO - Processing /opt/airflow/dags/weather_etl.py took 0.471 seconds
[2025-03-01T01:33:53.264+0000] {processor.py:161} INFO - Started process (PID=331) to work on /opt/airflow/dags/weather_etl.py
[2025-03-01T01:33:53.268+0000] {processor.py:830} INFO - Processing file /opt/airflow/dags/weather_etl.py for tasks to queue
[2025-03-01T01:33:53.273+0000] {logging_mixin.py:188} INFO - [2025-03-01T01:33:53.272+0000] {dagbag.py:545} INFO - Filling up the DagBag from /opt/airflow/dags/weather_etl.py
[2025-03-01T01:33:53.525+0000] {processor.py:840} INFO - DAG(s) 'weather_etl' retrieved from /opt/airflow/dags/weather_etl.py
[2025-03-01T01:33:53.554+0000] {logging_mixin.py:188} INFO - [2025-03-01T01:33:53.553+0000] {dag.py:3096} INFO - Sync 1 DAGs
[2025-03-01T01:33:53.581+0000] {logging_mixin.py:188} INFO - [2025-03-01T01:33:53.581+0000] {dag.py:3954} INFO - Setting next_dagrun for weather_etl to 2025-03-01 00:00:00+00:00, run_after=2025-03-01 06:00:00+00:00
[2025-03-01T01:33:53.819+0000] {processor.py:183} INFO - Processing /opt/airflow/dags/weather_etl.py took 0.564 seconds
[2025-03-01T09:02:50.297+0000] {processor.py:161} INFO - Started process (PID=187) to work on /opt/airflow/dags/weather_etl.py
[2025-03-01T09:02:50.309+0000] {processor.py:830} INFO - Processing file /opt/airflow/dags/weather_etl.py for tasks to queue
[2025-03-01T09:02:50.326+0000] {logging_mixin.py:188} INFO - [2025-03-01T09:02:50.325+0000] {dagbag.py:545} INFO - Filling up the DagBag from /opt/airflow/dags/weather_etl.py
[2025-03-01T09:02:58.029+0000] {processor.py:840} INFO - DAG(s) 'weather_etl' retrieved from /opt/airflow/dags/weather_etl.py
[2025-03-01T09:02:59.046+0000] {logging_mixin.py:188} INFO - [2025-03-01T09:02:59.028+0000] {dag.py:3096} INFO - Sync 1 DAGs
[2025-03-01T09:03:00.049+0000] {logging_mixin.py:188} INFO - [2025-03-01T09:03:00.042+0000] {dag.py:3954} INFO - Setting next_dagrun for weather_etl to 2025-03-01 06:00:00+00:00, run_after=2025-03-01 12:00:00+00:00
[2025-03-01T09:03:00.490+0000] {processor.py:183} INFO - Processing /opt/airflow/dags/weather_etl.py took 10.305 seconds
[2025-03-01T09:03:32.234+0000] {processor.py:161} INFO - Started process (PID=211) to work on /opt/airflow/dags/weather_etl.py
[2025-03-01T09:03:32.255+0000] {processor.py:830} INFO - Processing file /opt/airflow/dags/weather_etl.py for tasks to queue
[2025-03-01T09:03:32.365+0000] {logging_mixin.py:188} INFO - [2025-03-01T09:03:32.353+0000] {dagbag.py:545} INFO - Filling up the DagBag from /opt/airflow/dags/weather_etl.py
[2025-03-01T09:03:42.075+0000] {processor.py:840} INFO - DAG(s) 'weather_etl' retrieved from /opt/airflow/dags/weather_etl.py
[2025-03-01T09:03:42.288+0000] {logging_mixin.py:188} INFO - [2025-03-01T09:03:42.287+0000] {dag.py:3096} INFO - Sync 1 DAGs
[2025-03-01T09:03:42.578+0000] {logging_mixin.py:188} INFO - [2025-03-01T09:03:42.576+0000] {dag.py:3954} INFO - Setting next_dagrun for weather_etl to 2025-03-01 06:00:00+00:00, run_after=2025-03-01 12:00:00+00:00
[2025-03-01T09:03:42.699+0000] {processor.py:183} INFO - Processing /opt/airflow/dags/weather_etl.py took 10.778 seconds
[2025-03-01T09:04:13.418+0000] {processor.py:161} INFO - Started process (PID=238) to work on /opt/airflow/dags/weather_etl.py
[2025-03-01T09:04:13.431+0000] {processor.py:830} INFO - Processing file /opt/airflow/dags/weather_etl.py for tasks to queue
[2025-03-01T09:04:13.454+0000] {logging_mixin.py:188} INFO - [2025-03-01T09:04:13.452+0000] {dagbag.py:545} INFO - Filling up the DagBag from /opt/airflow/dags/weather_etl.py
[2025-03-01T09:04:14.476+0000] {processor.py:840} INFO - DAG(s) 'weather_etl' retrieved from /opt/airflow/dags/weather_etl.py
[2025-03-01T09:04:14.556+0000] {logging_mixin.py:188} INFO - [2025-03-01T09:04:14.555+0000] {dag.py:3096} INFO - Sync 1 DAGs
[2025-03-01T09:04:14.587+0000] {logging_mixin.py:188} INFO - [2025-03-01T09:04:14.587+0000] {dag.py:3954} INFO - Setting next_dagrun for weather_etl to 2025-03-01 06:00:00+00:00, run_after=2025-03-01 12:00:00+00:00
[2025-03-01T09:04:14.619+0000] {processor.py:183} INFO - Processing /opt/airflow/dags/weather_etl.py took 1.480 seconds
[2025-03-01T09:04:45.040+0000] {processor.py:161} INFO - Started process (PID=250) to work on /opt/airflow/dags/weather_etl.py
[2025-03-01T09:04:45.043+0000] {processor.py:830} INFO - Processing file /opt/airflow/dags/weather_etl.py for tasks to queue
[2025-03-01T09:04:45.056+0000] {logging_mixin.py:188} INFO - [2025-03-01T09:04:45.055+0000] {dagbag.py:545} INFO - Filling up the DagBag from /opt/airflow/dags/weather_etl.py
[2025-03-01T09:04:45.489+0000] {processor.py:840} INFO - DAG(s) 'weather_etl' retrieved from /opt/airflow/dags/weather_etl.py
[2025-03-01T09:04:45.541+0000] {logging_mixin.py:188} INFO - [2025-03-01T09:04:45.541+0000] {dag.py:3096} INFO - Sync 1 DAGs
[2025-03-01T09:04:45.586+0000] {logging_mixin.py:188} INFO - [2025-03-01T09:04:45.585+0000] {dag.py:3954} INFO - Setting next_dagrun for weather_etl to 2025-03-01 06:00:00+00:00, run_after=2025-03-01 12:00:00+00:00
[2025-03-01T09:04:46.519+0000] {processor.py:183} INFO - Processing /opt/airflow/dags/weather_etl.py took 1.489 seconds
[2025-03-01T09:05:16.643+0000] {processor.py:161} INFO - Started process (PID=262) to work on /opt/airflow/dags/weather_etl.py
[2025-03-01T09:05:16.648+0000] {processor.py:830} INFO - Processing file /opt/airflow/dags/weather_etl.py for tasks to queue
[2025-03-01T09:05:16.653+0000] {logging_mixin.py:188} INFO - [2025-03-01T09:05:16.652+0000] {dagbag.py:545} INFO - Filling up the DagBag from /opt/airflow/dags/weather_etl.py
[2025-03-01T09:05:17.072+0000] {processor.py:840} INFO - DAG(s) 'weather_etl' retrieved from /opt/airflow/dags/weather_etl.py
[2025-03-01T09:05:17.108+0000] {logging_mixin.py:188} INFO - [2025-03-01T09:05:17.108+0000] {dag.py:3096} INFO - Sync 1 DAGs
[2025-03-01T09:05:17.285+0000] {logging_mixin.py:188} INFO - [2025-03-01T09:05:17.284+0000] {dag.py:3954} INFO - Setting next_dagrun for weather_etl to 2025-03-01 06:00:00+00:00, run_after=2025-03-01 12:00:00+00:00
[2025-03-01T09:05:17.309+0000] {processor.py:183} INFO - Processing /opt/airflow/dags/weather_etl.py took 0.677 seconds
[2025-03-01T09:05:47.649+0000] {processor.py:161} INFO - Started process (PID=274) to work on /opt/airflow/dags/weather_etl.py
[2025-03-01T09:05:47.651+0000] {processor.py:830} INFO - Processing file /opt/airflow/dags/weather_etl.py for tasks to queue
[2025-03-01T09:05:47.654+0000] {logging_mixin.py:188} INFO - [2025-03-01T09:05:47.653+0000] {dagbag.py:545} INFO - Filling up the DagBag from /opt/airflow/dags/weather_etl.py
[2025-03-01T09:05:48.044+0000] {processor.py:840} INFO - DAG(s) 'weather_etl' retrieved from /opt/airflow/dags/weather_etl.py
[2025-03-01T09:05:48.085+0000] {logging_mixin.py:188} INFO - [2025-03-01T09:05:48.084+0000] {dag.py:3096} INFO - Sync 1 DAGs
[2025-03-01T09:05:48.114+0000] {logging_mixin.py:188} INFO - [2025-03-01T09:05:48.113+0000] {dag.py:3954} INFO - Setting next_dagrun for weather_etl to 2025-03-01 06:00:00+00:00, run_after=2025-03-01 12:00:00+00:00
[2025-03-01T09:05:48.138+0000] {processor.py:183} INFO - Processing /opt/airflow/dags/weather_etl.py took 0.496 seconds
[2025-03-01T09:06:18.522+0000] {processor.py:161} INFO - Started process (PID=285) to work on /opt/airflow/dags/weather_etl.py
[2025-03-01T09:06:18.529+0000] {processor.py:830} INFO - Processing file /opt/airflow/dags/weather_etl.py for tasks to queue
[2025-03-01T09:06:18.535+0000] {logging_mixin.py:188} INFO - [2025-03-01T09:06:18.535+0000] {dagbag.py:545} INFO - Filling up the DagBag from /opt/airflow/dags/weather_etl.py
[2025-03-01T09:06:19.168+0000] {processor.py:840} INFO - DAG(s) 'weather_etl' retrieved from /opt/airflow/dags/weather_etl.py
[2025-03-01T09:06:19.278+0000] {logging_mixin.py:188} INFO - [2025-03-01T09:06:19.277+0000] {dag.py:3096} INFO - Sync 1 DAGs
[2025-03-01T09:06:19.337+0000] {logging_mixin.py:188} INFO - [2025-03-01T09:06:19.336+0000] {dag.py:3954} INFO - Setting next_dagrun for weather_etl to 2025-03-01 06:00:00+00:00, run_after=2025-03-01 12:00:00+00:00
[2025-03-01T09:06:19.427+0000] {processor.py:183} INFO - Processing /opt/airflow/dags/weather_etl.py took 0.914 seconds
[2025-03-01T09:06:49.843+0000] {processor.py:161} INFO - Started process (PID=297) to work on /opt/airflow/dags/weather_etl.py
[2025-03-01T09:06:49.846+0000] {processor.py:830} INFO - Processing file /opt/airflow/dags/weather_etl.py for tasks to queue
[2025-03-01T09:06:49.851+0000] {logging_mixin.py:188} INFO - [2025-03-01T09:06:49.850+0000] {dagbag.py:545} INFO - Filling up the DagBag from /opt/airflow/dags/weather_etl.py
[2025-03-01T09:06:50.225+0000] {processor.py:840} INFO - DAG(s) 'weather_etl' retrieved from /opt/airflow/dags/weather_etl.py
[2025-03-01T09:06:50.264+0000] {logging_mixin.py:188} INFO - [2025-03-01T09:06:50.263+0000] {dag.py:3096} INFO - Sync 1 DAGs
[2025-03-01T09:06:50.294+0000] {logging_mixin.py:188} INFO - [2025-03-01T09:06:50.294+0000] {dag.py:3954} INFO - Setting next_dagrun for weather_etl to 2025-03-01 06:00:00+00:00, run_after=2025-03-01 12:00:00+00:00
[2025-03-01T09:06:50.319+0000] {processor.py:183} INFO - Processing /opt/airflow/dags/weather_etl.py took 0.486 seconds
[2025-03-01T09:07:20.733+0000] {processor.py:161} INFO - Started process (PID=309) to work on /opt/airflow/dags/weather_etl.py
[2025-03-01T09:07:20.736+0000] {processor.py:830} INFO - Processing file /opt/airflow/dags/weather_etl.py for tasks to queue
[2025-03-01T09:07:20.742+0000] {logging_mixin.py:188} INFO - [2025-03-01T09:07:20.740+0000] {dagbag.py:545} INFO - Filling up the DagBag from /opt/airflow/dags/weather_etl.py
[2025-03-01T09:07:21.454+0000] {processor.py:840} INFO - DAG(s) 'weather_etl' retrieved from /opt/airflow/dags/weather_etl.py
[2025-03-01T09:07:21.530+0000] {logging_mixin.py:188} INFO - [2025-03-01T09:07:21.529+0000] {dag.py:3096} INFO - Sync 1 DAGs
[2025-03-01T09:07:21.579+0000] {logging_mixin.py:188} INFO - [2025-03-01T09:07:21.578+0000] {dag.py:3954} INFO - Setting next_dagrun for weather_etl to 2025-03-01 06:00:00+00:00, run_after=2025-03-01 12:00:00+00:00
[2025-03-01T09:07:21.808+0000] {processor.py:183} INFO - Processing /opt/airflow/dags/weather_etl.py took 1.088 seconds
[2025-03-01T09:07:52.086+0000] {processor.py:161} INFO - Started process (PID=320) to work on /opt/airflow/dags/weather_etl.py
[2025-03-01T09:07:52.088+0000] {processor.py:830} INFO - Processing file /opt/airflow/dags/weather_etl.py for tasks to queue
[2025-03-01T09:07:52.093+0000] {logging_mixin.py:188} INFO - [2025-03-01T09:07:52.092+0000] {dagbag.py:545} INFO - Filling up the DagBag from /opt/airflow/dags/weather_etl.py
[2025-03-01T09:07:52.704+0000] {processor.py:840} INFO - DAG(s) 'weather_etl' retrieved from /opt/airflow/dags/weather_etl.py
[2025-03-01T09:07:52.768+0000] {logging_mixin.py:188} INFO - [2025-03-01T09:07:52.767+0000] {dag.py:3096} INFO - Sync 1 DAGs
[2025-03-01T09:07:53.031+0000] {logging_mixin.py:188} INFO - [2025-03-01T09:07:53.031+0000] {dag.py:3954} INFO - Setting next_dagrun for weather_etl to 2025-03-01 06:00:00+00:00, run_after=2025-03-01 12:00:00+00:00
[2025-03-01T09:07:53.058+0000] {processor.py:183} INFO - Processing /opt/airflow/dags/weather_etl.py took 0.980 seconds
[2025-03-01T09:08:23.358+0000] {processor.py:161} INFO - Started process (PID=332) to work on /opt/airflow/dags/weather_etl.py
[2025-03-01T09:08:23.359+0000] {processor.py:830} INFO - Processing file /opt/airflow/dags/weather_etl.py for tasks to queue
[2025-03-01T09:08:23.362+0000] {logging_mixin.py:188} INFO - [2025-03-01T09:08:23.361+0000] {dagbag.py:545} INFO - Filling up the DagBag from /opt/airflow/dags/weather_etl.py
[2025-03-01T09:08:23.724+0000] {processor.py:840} INFO - DAG(s) 'weather_etl' retrieved from /opt/airflow/dags/weather_etl.py
[2025-03-01T09:08:23.782+0000] {logging_mixin.py:188} INFO - [2025-03-01T09:08:23.781+0000] {dag.py:3096} INFO - Sync 1 DAGs
[2025-03-01T09:08:23.973+0000] {logging_mixin.py:188} INFO - [2025-03-01T09:08:23.972+0000] {dag.py:3954} INFO - Setting next_dagrun for weather_etl to 2025-03-01 06:00:00+00:00, run_after=2025-03-01 12:00:00+00:00
[2025-03-01T09:08:23.998+0000] {processor.py:183} INFO - Processing /opt/airflow/dags/weather_etl.py took 0.647 seconds
[2025-03-01T09:08:54.241+0000] {processor.py:161} INFO - Started process (PID=344) to work on /opt/airflow/dags/weather_etl.py
[2025-03-01T09:08:54.243+0000] {processor.py:830} INFO - Processing file /opt/airflow/dags/weather_etl.py for tasks to queue
[2025-03-01T09:08:54.247+0000] {logging_mixin.py:188} INFO - [2025-03-01T09:08:54.247+0000] {dagbag.py:545} INFO - Filling up the DagBag from /opt/airflow/dags/weather_etl.py
[2025-03-01T09:08:54.657+0000] {processor.py:840} INFO - DAG(s) 'weather_etl' retrieved from /opt/airflow/dags/weather_etl.py
[2025-03-01T09:08:54.687+0000] {logging_mixin.py:188} INFO - [2025-03-01T09:08:54.687+0000] {dag.py:3096} INFO - Sync 1 DAGs
[2025-03-01T09:08:54.715+0000] {logging_mixin.py:188} INFO - [2025-03-01T09:08:54.715+0000] {dag.py:3954} INFO - Setting next_dagrun for weather_etl to 2025-03-01 06:00:00+00:00, run_after=2025-03-01 12:00:00+00:00
[2025-03-01T09:08:54.744+0000] {processor.py:183} INFO - Processing /opt/airflow/dags/weather_etl.py took 0.511 seconds
[2025-03-01T09:09:24.954+0000] {processor.py:161} INFO - Started process (PID=355) to work on /opt/airflow/dags/weather_etl.py
[2025-03-01T09:09:24.955+0000] {processor.py:830} INFO - Processing file /opt/airflow/dags/weather_etl.py for tasks to queue
[2025-03-01T09:09:24.959+0000] {logging_mixin.py:188} INFO - [2025-03-01T09:09:24.959+0000] {dagbag.py:545} INFO - Filling up the DagBag from /opt/airflow/dags/weather_etl.py
[2025-03-01T09:09:25.332+0000] {processor.py:840} INFO - DAG(s) 'weather_etl' retrieved from /opt/airflow/dags/weather_etl.py
[2025-03-01T09:09:25.361+0000] {logging_mixin.py:188} INFO - [2025-03-01T09:09:25.361+0000] {dag.py:3096} INFO - Sync 1 DAGs
[2025-03-01T09:09:25.387+0000] {logging_mixin.py:188} INFO - [2025-03-01T09:09:25.386+0000] {dag.py:3954} INFO - Setting next_dagrun for weather_etl to 2025-03-01 06:00:00+00:00, run_after=2025-03-01 12:00:00+00:00
[2025-03-01T09:09:25.406+0000] {processor.py:183} INFO - Processing /opt/airflow/dags/weather_etl.py took 0.459 seconds
[2025-03-01T09:09:55.630+0000] {processor.py:161} INFO - Started process (PID=366) to work on /opt/airflow/dags/weather_etl.py
[2025-03-01T09:09:55.632+0000] {processor.py:830} INFO - Processing file /opt/airflow/dags/weather_etl.py for tasks to queue
[2025-03-01T09:09:55.637+0000] {logging_mixin.py:188} INFO - [2025-03-01T09:09:55.636+0000] {dagbag.py:545} INFO - Filling up the DagBag from /opt/airflow/dags/weather_etl.py
[2025-03-01T09:09:56.132+0000] {processor.py:840} INFO - DAG(s) 'weather_etl' retrieved from /opt/airflow/dags/weather_etl.py
[2025-03-01T09:09:56.165+0000] {logging_mixin.py:188} INFO - [2025-03-01T09:09:56.165+0000] {dag.py:3096} INFO - Sync 1 DAGs
[2025-03-01T09:09:56.192+0000] {logging_mixin.py:188} INFO - [2025-03-01T09:09:56.191+0000] {dag.py:3954} INFO - Setting next_dagrun for weather_etl to 2025-03-01 06:00:00+00:00, run_after=2025-03-01 12:00:00+00:00
[2025-03-01T09:09:56.230+0000] {processor.py:183} INFO - Processing /opt/airflow/dags/weather_etl.py took 0.607 seconds
[2025-03-01T09:10:26.341+0000] {processor.py:161} INFO - Started process (PID=378) to work on /opt/airflow/dags/weather_etl.py
[2025-03-01T09:10:26.342+0000] {processor.py:830} INFO - Processing file /opt/airflow/dags/weather_etl.py for tasks to queue
[2025-03-01T09:10:26.345+0000] {logging_mixin.py:188} INFO - [2025-03-01T09:10:26.344+0000] {dagbag.py:545} INFO - Filling up the DagBag from /opt/airflow/dags/weather_etl.py
[2025-03-01T09:10:26.859+0000] {processor.py:840} INFO - DAG(s) 'weather_etl' retrieved from /opt/airflow/dags/weather_etl.py
[2025-03-01T09:10:26.922+0000] {logging_mixin.py:188} INFO - [2025-03-01T09:10:26.921+0000] {dag.py:3096} INFO - Sync 1 DAGs
[2025-03-01T09:10:26.978+0000] {logging_mixin.py:188} INFO - [2025-03-01T09:10:26.977+0000] {dag.py:3954} INFO - Setting next_dagrun for weather_etl to 2025-03-01 06:00:00+00:00, run_after=2025-03-01 12:00:00+00:00
[2025-03-01T09:10:27.206+0000] {processor.py:183} INFO - Processing /opt/airflow/dags/weather_etl.py took 0.871 seconds
[2025-03-01T09:10:57.555+0000] {processor.py:161} INFO - Started process (PID=396) to work on /opt/airflow/dags/weather_etl.py
[2025-03-01T09:10:57.557+0000] {processor.py:830} INFO - Processing file /opt/airflow/dags/weather_etl.py for tasks to queue
[2025-03-01T09:10:57.562+0000] {logging_mixin.py:188} INFO - [2025-03-01T09:10:57.561+0000] {dagbag.py:545} INFO - Filling up the DagBag from /opt/airflow/dags/weather_etl.py
[2025-03-01T09:10:57.941+0000] {processor.py:840} INFO - DAG(s) 'weather_etl' retrieved from /opt/airflow/dags/weather_etl.py
[2025-03-01T09:10:57.974+0000] {logging_mixin.py:188} INFO - [2025-03-01T09:10:57.974+0000] {dag.py:3096} INFO - Sync 1 DAGs
[2025-03-01T09:10:58.169+0000] {logging_mixin.py:188} INFO - [2025-03-01T09:10:58.169+0000] {dag.py:3954} INFO - Setting next_dagrun for weather_etl to 2025-03-01 06:00:00+00:00, run_after=2025-03-01 12:00:00+00:00
[2025-03-01T09:10:58.192+0000] {processor.py:183} INFO - Processing /opt/airflow/dags/weather_etl.py took 0.646 seconds
[2025-03-01T09:11:28.453+0000] {processor.py:161} INFO - Started process (PID=408) to work on /opt/airflow/dags/weather_etl.py
[2025-03-01T09:11:28.455+0000] {processor.py:830} INFO - Processing file /opt/airflow/dags/weather_etl.py for tasks to queue
[2025-03-01T09:11:28.458+0000] {logging_mixin.py:188} INFO - [2025-03-01T09:11:28.457+0000] {dagbag.py:545} INFO - Filling up the DagBag from /opt/airflow/dags/weather_etl.py
[2025-03-01T09:11:28.805+0000] {processor.py:840} INFO - DAG(s) 'weather_etl' retrieved from /opt/airflow/dags/weather_etl.py
[2025-03-01T09:11:28.841+0000] {logging_mixin.py:188} INFO - [2025-03-01T09:11:28.840+0000] {dag.py:3096} INFO - Sync 1 DAGs
[2025-03-01T09:11:29.029+0000] {logging_mixin.py:188} INFO - [2025-03-01T09:11:29.028+0000] {dag.py:3954} INFO - Setting next_dagrun for weather_etl to 2025-03-01 06:00:00+00:00, run_after=2025-03-01 12:00:00+00:00
[2025-03-01T09:11:29.046+0000] {processor.py:183} INFO - Processing /opt/airflow/dags/weather_etl.py took 0.601 seconds
[2025-03-01T09:11:59.291+0000] {processor.py:161} INFO - Started process (PID=420) to work on /opt/airflow/dags/weather_etl.py
[2025-03-01T09:11:59.292+0000] {processor.py:830} INFO - Processing file /opt/airflow/dags/weather_etl.py for tasks to queue
[2025-03-01T09:11:59.295+0000] {logging_mixin.py:188} INFO - [2025-03-01T09:11:59.294+0000] {dagbag.py:545} INFO - Filling up the DagBag from /opt/airflow/dags/weather_etl.py
[2025-03-01T09:11:59.616+0000] {processor.py:840} INFO - DAG(s) 'weather_etl' retrieved from /opt/airflow/dags/weather_etl.py
[2025-03-01T09:11:59.650+0000] {logging_mixin.py:188} INFO - [2025-03-01T09:11:59.650+0000] {dag.py:3096} INFO - Sync 1 DAGs
[2025-03-01T09:11:59.675+0000] {logging_mixin.py:188} INFO - [2025-03-01T09:11:59.675+0000] {dag.py:3954} INFO - Setting next_dagrun for weather_etl to 2025-03-01 06:00:00+00:00, run_after=2025-03-01 12:00:00+00:00
[2025-03-01T09:11:59.700+0000] {processor.py:183} INFO - Processing /opt/airflow/dags/weather_etl.py took 0.416 seconds
